Comprehensive CNN Text Classifier Experiment for Harry Potter Books
================================================================================
Pre-trained Word2Vec model not found. Training new embeddings...
Loaded HP1: 347 pages
Loaded HP2: 377 pages
Loaded HP3: 486 pages
Loaded HP4: 808 pages
Loaded HP5: 1104 pages
Loaded HP6: 728 pages
Loaded HP7: 849 pages

================================================================================
TOTAL EXPERIMENTS: 35
This will test 35 different configurations!
================================================================================

Preparing datasets for sequence lengths: [50, 75, 100, 128, 150, 200, 250, 300]

Preparing data for sequence length: 128
Created new vocabulary: 23210 words + padding = 23211 total
Index range: 0 (padding) to 23210
Created 9744 training samples
Sequence shape: (9744, 128)
Labels shape: (9744, 7)
Vocabulary size for embedding layer: 23211
Max index in sequences: 23210
Min index in sequences: 0
All indices are within bounds - should work correctly!
  Training: 6236 samples
  Validation: 1559 samples
  Testing: 1949 samples

Preparing data for sequence length: 100
Created new vocabulary: 23210 words + padding = 23211 total
Index range: 0 (padding) to 23210
Created 14292 training samples
Sequence shape: (14292, 100)
Labels shape: (14292, 7)
Vocabulary size for embedding layer: 23211
Max index in sequences: 23210
Min index in sequences: 0
All indices are within bounds - should work correctly!
  Training: 9146 samples
  Validation: 2287 samples
  Testing: 2859 samples

Preparing data for sequence length: 200
Created new vocabulary: 23210 words + padding = 23211 total
Index range: 0 (padding) to 23210
Created 4817 training samples
Sequence shape: (4817, 200)
Labels shape: (4817, 7)
Vocabulary size for embedding layer: 23211
Max index in sequences: 23210
Min index in sequences: 0
All indices are within bounds - should work correctly!
  Training: 3082 samples
  Validation: 771 samples
  Testing: 964 samples

Preparing data for sequence length: 75
Created new vocabulary: 23210 words + padding = 23211 total
Index range: 0 (padding) to 23210
Created 21547 training samples
Sequence shape: (21547, 75)
Labels shape: (21547, 7)
Vocabulary size for embedding layer: 23211
Max index in sequences: 23210
Min index in sequences: 0
All indices are within bounds - should work correctly!
  Training: 13789 samples
  Validation: 3448 samples
  Testing: 4310 samples

Preparing data for sequence length: 300
Created new vocabulary: 23210 words + padding = 23211 total
Index range: 0 (padding) to 23210
Created 4706 training samples
Sequence shape: (4706, 300)
Labels shape: (4706, 7)
Vocabulary size for embedding layer: 23211
Max index in sequences: 23210
Min index in sequences: 0
All indices are within bounds - should work correctly!
  Training: 3011 samples
  Validation: 753 samples
  Testing: 942 samples

Preparing data for sequence length: 50
Created new vocabulary: 23210 words + padding = 23211 total
Index range: 0 (padding) to 23210
Created 35441 training samples
Sequence shape: (35441, 50)
Labels shape: (35441, 7)
Vocabulary size for embedding layer: 23211
Max index in sequences: 23210
Min index in sequences: 0
All indices are within bounds - should work correctly!
  Training: 22681 samples
  Validation: 5671 samples
  Testing: 7089 samples

Preparing data for sequence length: 150
Created new vocabulary: 23210 words + padding = 23211 total
Index range: 0 (padding) to 23210
Created 7388 training samples
Sequence shape: (7388, 150)
Labels shape: (7388, 7)
Vocabulary size for embedding layer: 23211
Max index in sequences: 23210
Min index in sequences: 0
All indices are within bounds - should work correctly!
  Training: 4728 samples
  Validation: 1182 samples
  Testing: 1478 samples

Preparing data for sequence length: 250
Created new vocabulary: 23210 words + padding = 23211 total
Index range: 0 (padding) to 23210
Created 4715 training samples
Sequence shape: (4715, 250)
Labels shape: (4715, 7)
Vocabulary size for embedding layer: 23211
Max index in sequences: 23210
Min index in sequences: 0
All indices are within bounds - should work correctly!
  Training: 3017 samples
  Validation: 755 samples
  Testing: 943 samples

================================================================================
STARTING COMPREHENSIVE EXPERIMENTS
================================================================================

====================================================================================================
EXPERIMENT 1/35: Tiny-Short
Kernels: [1, 2], Sequence Length: 50, Filters: 128
====================================================================================================
Model built in 1.32 seconds
Parameters: 2,459,347

🎯 EXPERIMENT 1 RESULTS:
  ✅ Status: SUCCESS
  📊 Test Accuracy: 0.7782 (77.82%)
  ⏱️  Training Time: 44.58 seconds
  🔢 Parameters: 2,459,347
  📈 Best Val Acc: 0.7743
  🎯 Converged at Epoch: 14

📊 PROGRESS UPDATE:
  Completed: 1/35 (2.9%)
  Elapsed: 50.40 seconds
  Estimated Remaining: 28m 33.5s
  Estimated Total: 29m 23.9s

====================================================================================================
EXPERIMENT 2/35: Tiny-Medium
Kernels: [1, 2], Sequence Length: 100, Filters: 128
====================================================================================================
Model built in 0.06 seconds
Parameters: 2,459,347

🎯 EXPERIMENT 2 RESULTS:
  ✅ Status: SUCCESS
  📊 Test Accuracy: 0.7996 (79.96%)
  ⏱️  Training Time: 25.93 seconds
  🔢 Parameters: 2,459,347
  📈 Best Val Acc: 0.8120
  🎯 Converged at Epoch: 15

📊 PROGRESS UPDATE:
  Completed: 2/35 (5.7%)
  Elapsed: 1m 18.9s
  Estimated Remaining: 21m 42.3s
  Estimated Total: 23m 1.3s

====================================================================================================
EXPERIMENT 3/35: Tiny-Long
Kernels: [1, 2], Sequence Length: 150, Filters: 128
====================================================================================================
Model built in 0.04 seconds
Parameters: 2,459,347

🎯 EXPERIMENT 3 RESULTS:
  ✅ Status: SUCCESS
  📊 Test Accuracy: 0.7585 (75.85%)
  ⏱️  Training Time: 20.46 seconds
  🔢 Parameters: 2,459,347
  📈 Best Val Acc: 0.8020
  🎯 Converged at Epoch: 15

📊 PROGRESS UPDATE:
  Completed: 3/35 (8.6%)
  Elapsed: 1m 41.8s
  Estimated Remaining: 18m 5.6s
  Estimated Total: 19m 47.3s

====================================================================================================
EXPERIMENT 4/35: Tiny-XLong
Kernels: [1, 2], Sequence Length: 200, Filters: 128
====================================================================================================
Model built in 0.07 seconds
Parameters: 2,459,347

🎯 EXPERIMENT 4 RESULTS:
  ✅ Status: SUCCESS
  📊 Test Accuracy: 0.7241 (72.41%)
  ⏱️  Training Time: 15.50 seconds
  🔢 Parameters: 2,459,347
  📈 Best Val Acc: 0.7484
  🎯 Converged at Epoch: 12

📊 PROGRESS UPDATE:
  Completed: 4/35 (11.4%)
  Elapsed: 1m 59.6s
  Estimated Remaining: 15m 27.0s
  Estimated Total: 17m 26.6s

====================================================================================================
EXPERIMENT 5/35: Small-Short
Kernels: [2, 3, 4], Sequence Length: 50, Filters: 128
====================================================================================================
Model built in 0.04 seconds
Parameters: 2,569,043

🎯 EXPERIMENT 5 RESULTS:
  ✅ Status: SUCCESS
  📊 Test Accuracy: 0.7835 (78.35%)
  ⏱️  Training Time: 44.49 seconds
  🔢 Parameters: 2,569,043
  📈 Best Val Acc: 0.7692
  🎯 Converged at Epoch: 15

📊 PROGRESS UPDATE:
  Completed: 5/35 (14.3%)
  Elapsed: 2m 48.3s
  Estimated Remaining: 16m 49.6s
  Estimated Total: 19m 37.8s

====================================================================================================
EXPERIMENT 6/35: Small-Medium
Kernels: [2, 3, 4], Sequence Length: 100, Filters: 128
====================================================================================================
Model built in 0.07 seconds
Parameters: 2,569,043
🎯 EXPERIMENT 6 RESULTS:
  ✅ Status: SUCCESS
  📊 Test Accuracy: 0.8181 (81.81%)
  ⏱️  Training Time: 26.29 seconds
  🔢 Parameters: 2,569,043
  📈 Best Val Acc: 0.8255
  🎯 Converged at Epoch: 14

📊 PROGRESS UPDATE:
  Completed: 6/35 (17.1%)
  Elapsed: 3m 17.2s
  Estimated Remaining: 15m 53.2s
  Estimated Total: 19m 10.4s

====================================================================================================
EXPERIMENT 7/35: Small-Long
Kernels: [2, 3, 4], Sequence Length: 150, Filters: 128
====================================================================================================
Model built in 0.07 seconds
Parameters: 2,569,043
🎯 EXPERIMENT 7 RESULTS:
  ✅ Status: SUCCESS
  📊 Test Accuracy: 0.7733 (77.33%)
  ⏱️  Training Time: 20.88 seconds
  🔢 Parameters: 2,569,043
  📈 Best Val Acc: 0.7902
  🎯 Converged at Epoch: 11

📊 PROGRESS UPDATE:
  Completed: 7/35 (20.0%)
  Elapsed: 3m 40.7s
  Estimated Remaining: 14m 42.7s
  Estimated Total: 18m 23.4s

====================================================================================================
EXPERIMENT 8/35: Small-XLong
Kernels: [2, 3, 4], Sequence Length: 200, Filters: 128
====================================================================================================
Model built in 0.08 seconds
Parameters: 2,569,043
🎯 EXPERIMENT 8 RESULTS:
  ✅ Status: SUCCESS
  📊 Test Accuracy: 0.7220 (72.20%)
  ⏱️  Training Time: 17.19 seconds
  🔢 Parameters: 2,569,043
  📈 Best Val Acc: 0.7471
  🎯 Converged at Epoch: 15

📊 PROGRESS UPDATE:
  Completed: 8/35 (22.9%)
  Elapsed: 4m 0.4s
  Estimated Remaining: 13m 31.3s
  Estimated Total: 17m 31.7s

====================================================================================================
EXPERIMENT 9/35: Medium-Short
Kernels: [5, 7, 9], Sequence Length: 50, Filters: 96
====================================================================================================
Model built in 0.04 seconds
Parameters: 2,630,771
🎯 EXPERIMENT 9 RESULTS:
  ✅ Status: SUCCESS
  📊 Test Accuracy: 0.7770 (77.70%)
  ⏱️  Training Time: 45.86 seconds
  🔢 Parameters: 2,630,771
  📈 Best Val Acc: 0.7708
  🎯 Converged at Epoch: 12

📊 PROGRESS UPDATE:
  Completed: 9/35 (25.7%)
  Elapsed: 4m 50.3s
  Estimated Remaining: 13m 58.5s
  Estimated Total: 18m 48.8s

====================================================================================================
EXPERIMENT 10/35: Medium-Medium
Kernels: [5, 7, 9], Sequence Length: 100, Filters: 96
====================================================================================================
Model built in 0.08 seconds
Parameters: 2,630,771
🎯 EXPERIMENT 10 RESULTS:
  ✅ Status: SUCCESS
  📊 Test Accuracy: 0.7996 (79.96%)
  ⏱️  Training Time: 27.40 seconds
  🔢 Parameters: 2,630,771
  📈 Best Val Acc: 0.8015
  🎯 Converged at Epoch: 10

📊 PROGRESS UPDATE:
  Completed: 10/35 (28.6%)
  Elapsed: 5m 20.4s
  Estimated Remaining: 13m 20.9s
  Estimated Total: 18m 41.3s

====================================================================================================
EXPERIMENT 11/35: Medium-Long
Kernels: [5, 7, 9], Sequence Length: 150, Filters: 96
====================================================================================================
Model built in 0.06 seconds
Parameters: 2,630,771
🎯 EXPERIMENT 11 RESULTS:
  ✅ Status: SUCCESS
  📊 Test Accuracy: 0.7307 (73.07%)
  ⏱️  Training Time: 21.89 seconds
  🔢 Parameters: 2,630,771
  📈 Best Val Acc: 0.7690
  🎯 Converged at Epoch: 10

📊 PROGRESS UPDATE:
  Completed: 11/35 (31.4%)
  Elapsed: 5m 44.8s
  Estimated Remaining: 12m 32.4s
  Estimated Total: 18m 17.2s

====================================================================================================
EXPERIMENT 12/35: Medium-XLong
Kernels: [5, 7, 9], Sequence Length: 200, Filters: 96
====================================================================================================
Model built in 0.04 seconds
Parameters: 2,630,771
🎯 EXPERIMENT 12 RESULTS:
  ✅ Status: SUCCESS
  📊 Test Accuracy: 0.6556 (65.56%)
  ⏱️  Training Time: 17.52 seconds
  🔢 Parameters: 2,630,771
  📈 Best Val Acc: 0.6835
  🎯 Converged at Epoch: 13

📊 PROGRESS UPDATE:
  Completed: 12/35 (34.3%)
  Elapsed: 6m 4.9s
  Estimated Remaining: 11m 39.3s
  Estimated Total: 17m 44.2s

====================================================================================================
EXPERIMENT 13/35: Large-Short
Kernels: [10, 15, 20], Sequence Length: 50, Filters: 64
====================================================================================================
Model built in 0.06 seconds
Parameters: 2,692,499
🎯 EXPERIMENT 13 RESULTS:
  ✅ Status: SUCCESS
  📊 Test Accuracy: 0.7616 (76.16%)
  ⏱️  Training Time: 46.26 seconds
  🔢 Parameters: 2,692,499
  📈 Best Val Acc: 0.7616
  🎯 Converged at Epoch: 15

📊 PROGRESS UPDATE:
  Completed: 13/35 (37.1%)
  Elapsed: 6m 55.3s
  Estimated Remaining: 11m 42.8s
  Estimated Total: 18m 38.0s

====================================================================================================
EXPERIMENT 14/35: Large-Medium
Kernels: [10, 15, 20], Sequence Length: 100, Filters: 64
====================================================================================================
Model built in 0.07 seconds
Parameters: 2,692,499
🎯 EXPERIMENT 14 RESULTS:
  ✅ Status: SUCCESS
  📊 Test Accuracy: 0.7859 (78.59%)
  ⏱️  Training Time: 28.38 seconds
  🔢 Parameters: 2,692,499
  📈 Best Val Acc: 0.7945
  🎯 Converged at Epoch: 15

📊 PROGRESS UPDATE:
  Completed: 14/35 (40.0%)
  Elapsed: 7m 26.5s
  Estimated Remaining: 11m 9.8s
  Estimated Total: 18m 36.3s

====================================================================================================
EXPERIMENT 15/35: Large-Long
Kernels: [10, 15, 20], Sequence Length: 150, Filters: 64
====================================================================================================
Model built in 0.04 seconds
Parameters: 2,692,499
🎯 EXPERIMENT 15 RESULTS:
  ✅ Status: SUCCESS
  📊 Test Accuracy: 0.7388 (73.88%)
  ⏱️  Training Time: 23.58 seconds
  🔢 Parameters: 2,692,499
  📈 Best Val Acc: 0.7631
  🎯 Converged at Epoch: 15

📊 PROGRESS UPDATE:
  Completed: 15/35 (42.9%)
  Elapsed: 7m 52.9s
  Estimated Remaining: 10m 30.6s
  Estimated Total: 18m 23.5s

====================================================================================================
EXPERIMENT 16/35: Large-XLong
Kernels: [10, 15, 20], Sequence Length: 200, Filters: 64
====================================================================================================
Model built in 0.08 seconds
Parameters: 2,692,499
🎯 EXPERIMENT 16 RESULTS:
  ✅ Status: SUCCESS
  📊 Test Accuracy: 0.6017 (60.17%)
  ⏱️  Training Time: 18.98 seconds
  🔢 Parameters: 2,692,499
  📈 Best Val Acc: 0.6161
  🎯 Converged at Epoch: 13

📊 PROGRESS UPDATE:
  Completed: 16/35 (45.7%)
  Elapsed: 8m 14.8s
  Estimated Remaining: 9m 47.6s
  Estimated Total: 18m 2.4s

====================================================================================================
EXPERIMENT 17/35: XLarge-Medium
Kernels: [25, 35, 45], Sequence Length: 100, Filters: 48
====================================================================================================
Model built in 0.05 seconds
Parameters: 2,896,163
🎯 EXPERIMENT 17 RESULTS:
  ✅ Status: SUCCESS
  📊 Test Accuracy: 0.7982 (79.82%)
  ⏱️  Training Time: 30.07 seconds
  🔢 Parameters: 2,896,163
  📈 Best Val Acc: 0.7967
  🎯 Converged at Epoch: 12

📊 PROGRESS UPDATE:
  Completed: 17/35 (48.6%)
  Elapsed: 8m 48.0s
  Estimated Remaining: 9m 19.1s
  Estimated Total: 18m 7.1s

====================================================================================================
EXPERIMENT 18/35: XLarge-Long
Kernels: [25, 35, 45], Sequence Length: 150, Filters: 48
====================================================================================================
Model built in 0.04 seconds
Parameters: 2,896,163
🎯 EXPERIMENT 18 RESULTS:
  ✅ Status: SUCCESS
  📊 Test Accuracy: 0.7537 (75.37%)
  ⏱️  Training Time: 24.36 seconds
  🔢 Parameters: 2,896,163
  📈 Best Val Acc: 0.7750
  🎯 Converged at Epoch: 14

📊 PROGRESS UPDATE:
  Completed: 18/35 (51.4%)
  Elapsed: 9m 15.1s
  Estimated Remaining: 8m 44.2s
  Estimated Total: 17m 59.3s

====================================================================================================
EXPERIMENT 19/35: XLarge-XLong
Kernels: [25, 35, 45], Sequence Length: 200, Filters: 48
====================================================================================================
Model built in 0.07 seconds
Parameters: 2,896,163
🎯 EXPERIMENT 19 RESULTS:
  ✅ Status: SUCCESS
  📊 Test Accuracy: 0.6878 (68.78%)
  ⏱️  Training Time: 19.28 seconds
  🔢 Parameters: 2,896,163
  📈 Best Val Acc: 0.6809
  🎯 Converged at Epoch: 14

📊 PROGRESS UPDATE:
  Completed: 19/35 (54.3%)
  Elapsed: 9m 37.0s
  Estimated Remaining: 8m 5.9s
  Estimated Total: 17m 42.9s

====================================================================================================
EXPERIMENT 20/35: XLarge-XXLong
Kernels: [25, 35, 45], Sequence Length: 250, Filters: 48
====================================================================================================
Model built in 0.04 seconds
Parameters: 2,896,163
🎯 EXPERIMENT 20 RESULTS:
  ✅ Status: SUCCESS
  📊 Test Accuracy: 0.7105 (71.05%)
  ⏱️  Training Time: 20.12 seconds
  🔢 Parameters: 2,896,163
  📈 Best Val Acc: 0.7139
  🎯 Converged at Epoch: 15

📊 PROGRESS UPDATE:
  Completed: 20/35 (57.1%)
  Elapsed: 9m 59.5s
  Estimated Remaining: 7m 29.7s
  Estimated Total: 17m 29.2s

====================================================================================================
EXPERIMENT 21/35: Extreme-Long
Kernels: [50, 75, 100], Sequence Length: 200, Filters: 32
====================================================================================================
Model built in 0.06 seconds
Parameters: 3,099,827
🎯 EXPERIMENT 21 RESULTS:
  ✅ Status: SUCCESS
  📊 Test Accuracy: 0.6795 (67.95%)
  ⏱️  Training Time: 19.63 seconds
  🔢 Parameters: 3,099,827
  📈 Best Val Acc: 0.7082
  🎯 Converged at Epoch: 15

📊 PROGRESS UPDATE:
  Completed: 21/35 (60.0%)
  Elapsed: 10m 22.1s
  Estimated Remaining: 6m 54.7s
  Estimated Total: 17m 16.8s

====================================================================================================
EXPERIMENT 22/35: Extreme-XLong
Kernels: [50, 75, 100], Sequence Length: 250, Filters: 32
====================================================================================================
Model built in 0.07 seconds
Parameters: 3,099,827
🎯 EXPERIMENT 22 RESULTS:
  ✅ Status: SUCCESS
  📊 Test Accuracy: 0.7137 (71.37%)
  ⏱️  Training Time: 19.38 seconds
  🔢 Parameters: 3,099,827
  📈 Best Val Acc: 0.7033
  🎯 Converged at Epoch: 15

📊 PROGRESS UPDATE:
  Completed: 22/35 (62.9%)
  Elapsed: 10m 44.0s
  Estimated Remaining: 6m 20.5s
  Estimated Total: 17m 4.5s

====================================================================================================
EXPERIMENT 23/35: Extreme-XXLong
Kernels: [50, 75, 100], Sequence Length: 300, Filters: 32
====================================================================================================
Model built in 0.05 seconds
Parameters: 3,099,827
🎯 EXPERIMENT 23 RESULTS:
  ✅ Status: SUCCESS
  📊 Test Accuracy: 0.6752 (67.52%)
  ⏱️  Training Time: 20.07 seconds
  🔢 Parameters: 3,099,827
  📈 Best Val Acc: 0.6813
  🎯 Converged at Epoch: 14

📊 PROGRESS UPDATE:
  Completed: 23/35 (65.7%)
  Elapsed: 11m 6.6s
  Estimated Remaining: 5m 47.8s
  Estimated Total: 16m 54.4s

====================================================================================================
EXPERIMENT 24/35: Single-1
Kernels: [1], Sequence Length: 100, Filters: 256
====================================================================================================
Model built in 0.05 seconds
Parameters: 2,446,547
🎯 EXPERIMENT 24 RESULTS:
  ✅ Status: SUCCESS
  📊 Test Accuracy: 0.7775 (77.75%)
  ⏱️  Training Time: 22.62 seconds
  🔢 Parameters: 2,446,547
  📈 Best Val Acc: 0.7787
  🎯 Converged at Epoch: 15

📊 PROGRESS UPDATE:
  Completed: 24/35 (68.6%)
  Elapsed: 11m 31.3s
  Estimated Remaining: 5m 16.9s
  Estimated Total: 16m 48.2s

====================================================================================================
EXPERIMENT 25/35: Single-3
Kernels: [3], Sequence Length: 100, Filters: 256
====================================================================================================
Model built in 0.04 seconds
Parameters: 2,497,747
🎯 EXPERIMENT 25 RESULTS:
  ✅ Status: SUCCESS
  📊 Test Accuracy: 0.8122 (81.22%)
  ⏱️  Training Time: 21.20 seconds
  🔢 Parameters: 2,497,747
  📈 Best Val Acc: 0.8120
  🎯 Converged at Epoch: 14

📊 PROGRESS UPDATE:
  Completed: 25/35 (71.4%)
  Elapsed: 11m 54.6s
  Estimated Remaining: 4m 45.9s
  Estimated Total: 16m 40.5s

====================================================================================================
EXPERIMENT 26/35: Single-5
Kernels: [5], Sequence Length: 100, Filters: 256
====================================================================================================
Model built in 0.05 seconds
Parameters: 2,548,947

🎯 EXPERIMENT 26 RESULTS:
  ✅ Status: SUCCESS
  📊 Test Accuracy: 0.8006 (80.06%)
  ⏱️  Training Time: 21.52 seconds
  🔢 Parameters: 2,548,947
  📈 Best Val Acc: 0.8045
  🎯 Converged at Epoch: 13

📊 PROGRESS UPDATE:
  Completed: 26/35 (74.3%)
  Elapsed: 12m 18.3s
  Estimated Remaining: 4m 15.6s
  Estimated Total: 16m 33.9s

====================================================================================================
EXPERIMENT 27/35: Single-10
Kernels: [10], Sequence Length: 100, Filters: 256
====================================================================================================
Model built in 0.03 seconds
Parameters: 2,676,947
🎯 EXPERIMENT 27 RESULTS:
  ✅ Status: SUCCESS
  📊 Test Accuracy: 0.8087 (80.87%)
  ⏱️  Training Time: 22.79 seconds
  🔢 Parameters: 2,676,947
  📈 Best Val Acc: 0.8041
  🎯 Converged at Epoch: 13

📊 PROGRESS UPDATE:
  Completed: 27/35 (77.1%)
  Elapsed: 12m 43.4s
  Estimated Remaining: 3m 46.2s
  Estimated Total: 16m 29.5s

====================================================================================================
EXPERIMENT 28/35: Single-20
Kernels: [20], Sequence Length: 100, Filters: 256
====================================================================================================
Model built in 0.04 seconds
Parameters: 2,932,947

🎯 EXPERIMENT 28 RESULTS:
  ✅ Status: SUCCESS
  📊 Test Accuracy: 0.7789 (77.89%)
  ⏱️  Training Time: 22.33 seconds
  🔢 Parameters: 2,932,947
  📈 Best Val Acc: 0.7888
  🎯 Converged at Epoch: 14

📊 PROGRESS UPDATE:
  Completed: 28/35 (80.0%)
  Elapsed: 13m 7.8s
  Estimated Remaining: 3m 17.0s
  Estimated Total: 16m 24.8s

====================================================================================================
EXPERIMENT 29/35: Single-50
Kernels: [50], Sequence Length: 100, Filters: 256
====================================================================================================
Model built in 0.06 seconds
Parameters: 3,700,947
🎯 EXPERIMENT 29 RESULTS:
  ✅ Status: SUCCESS
  📊 Test Accuracy: 0.8146 (81.46%)
  ⏱️  Training Time: 22.28 seconds
  🔢 Parameters: 3,700,947
  📈 Best Val Acc: 0.8172
  🎯 Converged at Epoch: 14

📊 PROGRESS UPDATE:
  Completed: 29/35 (82.9%)
  Elapsed: 13m 32.6s
  Estimated Remaining: 2m 48.1s
  Estimated Total: 16m 20.7s

====================================================================================================
EXPERIMENT 30/35: Fast-Small
Kernels: [2, 3], Sequence Length: 50, Filters: 64
====================================================================================================
Model built in 0.08 seconds
Parameters: 2,420,051
🎯 EXPERIMENT 30 RESULTS:
  ✅ Status: SUCCESS
  📊 Test Accuracy: 0.7794 (77.94%)
  ⏱️  Training Time: 41.52 seconds
  🔢 Parameters: 2,420,051
  📈 Best Val Acc: 0.7875
  🎯 Converged at Epoch: 14

📊 PROGRESS UPDATE:
  Completed: 30/35 (85.7%)
  Elapsed: 14m 17.9s
  Estimated Remaining: 2m 23.0s
  Estimated Total: 16m 40.9s

====================================================================================================
EXPERIMENT 31/35: Fast-Medium
Kernels: [3, 4], Sequence Length: 75, Filters: 64
====================================================================================================
Model built in 0.04 seconds
Parameters: 2,432,851
🎯 EXPERIMENT 31 RESULTS:
  ✅ Status: SUCCESS
  📊 Test Accuracy: 0.7977 (79.77%)
  ⏱️  Training Time: 30.92 seconds
  🔢 Parameters: 2,432,851
  📈 Best Val Acc: 0.7976
  🎯 Converged at Epoch: 15

📊 PROGRESS UPDATE:
  Completed: 31/35 (88.6%)
  Elapsed: 14m 52.2s
  Estimated Remaining: 1m 55.1s
  Estimated Total: 16m 47.3s

====================================================================================================
EXPERIMENT 32/35: Fast-Large
Kernels: [4, 5], Sequence Length: 100, Filters: 64
====================================================================================================
Model built in 0.05 seconds
Parameters: 2,445,651
🎯 EXPERIMENT 32 RESULTS:
  ✅ Status: SUCCESS
  📊 Test Accuracy: 0.8010 (80.10%)
  ⏱️  Training Time: 24.18 seconds
  🔢 Parameters: 2,445,651
  📈 Best Val Acc: 0.8089
  🎯 Converged at Epoch: 9

📊 PROGRESS UPDATE:
  Completed: 32/35 (91.4%)
  Elapsed: 15m 18.9s
  Estimated Remaining: 1m 26.1s
  Estimated Total: 16m 45.0s

====================================================================================================
EXPERIMENT 33/35: Optimal-A
Kernels: [3, 4, 5], Sequence Length: 128, Filters: 100
====================================================================================================
Model built in 0.08 seconds
Parameters: 2,552,255
🎯 EXPERIMENT 33 RESULTS:
  ✅ Status: SUCCESS
  📊 Test Accuracy: 0.7917 (79.17%)
  ⏱️  Training Time: 25.65 seconds
  🔢 Parameters: 2,552,255
  📈 Best Val Acc: 0.8005
  🎯 Converged at Epoch: 13

📊 PROGRESS UPDATE:
  Completed: 33/35 (94.3%)
  Elapsed: 15m 48.5s
  Estimated Remaining: 57.48 seconds
  Estimated Total: 16m 46.0s

====================================================================================================
EXPERIMENT 34/35: Optimal-B
Kernels: [3, 4, 5, 6], Sequence Length: 128, Filters: 80
====================================================================================================
Model built in 0.05 seconds
Parameters: 2,581,395

🎯 EXPERIMENT 34 RESULTS:
  ✅ Status: SUCCESS
  📊 Test Accuracy: 0.7707 (77.07%)
  ⏱️  Training Time: 25.45 seconds
  🔢 Parameters: 2,581,395
  📈 Best Val Acc: 0.7697
  🎯 Converged at Epoch: 12

📊 PROGRESS UPDATE:
  Completed: 34/35 (97.1%)
  Elapsed: 16m 17.7s
  Estimated Remaining: 28.76 seconds
  Estimated Total: 16m 46.4s

====================================================================================================
EXPERIMENT 35/35: Optimal-C
Kernels: [2, 3, 4, 5, 6], Sequence Length: 128, Filters: 64
====================================================================================================
Model built in 0.05 seconds
Parameters: 2,565,395
🎯 EXPERIMENT 35 RESULTS:
  ✅ Status: SUCCESS
  📊 Test Accuracy: 0.7973 (79.73%)
  ⏱️  Training Time: 25.40 seconds
  🔢 Parameters: 2,565,395
  📈 Best Val Acc: 0.8063
  🎯 Converged at Epoch: 10

📊 PROGRESS UPDATE:
  Completed: 35/35 (100.0%)
  Elapsed: 16m 45.9s
  Estimated Remaining: 0.00 seconds
  Estimated Total: 16m 45.9s

====================================================================================================
COMPREHENSIVE EXPERIMENT ANALYSIS
====================================================================================================

📊 EXPERIMENT SUMMARY:
  Total Experiments: 35
  Successful: 35
  Failed: 0
  Success Rate: 100.0%

🏆 TOP 10 PERFORMERS (by accuracy):
Rank  Config               Kernels         SeqLen  Accuracy   Time        
-------------------------------------------------------------------------------------
1     Small-Medium         [2, 3, 4]       100     0.8181    26.29 seconds
2     Single-50            [50]            100     0.8146    22.28 seconds
3     Single-3             [3]             100     0.8122    21.20 seconds
4     Single-10            [10]            100     0.8087    22.79 seconds
5     Fast-Large           [4, 5]          100     0.8010    24.18 seconds
6     Single-5             [5]             100     0.8006    21.52 seconds
7     Tiny-Medium          [1, 2]          100     0.7996    25.93 seconds
8     Medium-Medium        [5, 7, 9]       100     0.7996    27.40 seconds
9     XLarge-Medium        [25, 35, 45]    100     0.7982    30.07 seconds
10    Fast-Medium          [3, 4]          75      0.7977    30.92 seconds

📈 ANALYSIS BY KERNEL SIZE:
  Small (≤5): Avg=0.7812, Max=0.8181, Min=0.7220, Std=0.0273 (n=15)
  Large (16-50): Avg=0.7432, Max=0.8146, Min=0.6017, Std=0.0599 (n=10)
  Medium (6-15): Avg=0.7628, Max=0.8087, Min=0.6556, Std=0.0499 (n=7)
  XLarge (>50): Avg=0.6894, Max=0.7137, Min=0.6752, Std=0.0172 (n=3)

📏 ANALYSIS BY SEQUENCE LENGTH:
  Length 50: Avg=0.7759, Max=0.7835, Std=0.0075 (n=5)
  Length 75: Avg=0.7977, Max=0.7977, Std=0.0000 (n=1)
  Length 100: Avg=0.7996, Max=0.8181, Std=0.0126 (n=12)
  Length 128: Avg=0.7866, Max=0.7973, Std=0.0115 (n=3)
  Length 150: Avg=0.7510, Max=0.7733, Std=0.0150 (n=5)
  Length 200: Avg=0.6784, Max=0.7241, Std=0.0418 (n=6)
  Length 250: Avg=0.7121, Max=0.7137, Std=0.0016 (n=2)
  Length 300: Avg=0.6752, Max=0.6752, Std=0.0000 (n=1)

⚡ EFFICIENCY ANALYSIS (Accuracy per Training Hour):
Rank  Config               Efficiency   Accuracy   Time        
----------------------------------------------------------------------
1     Tiny-XLong           168.146      0.7241    15.50 seconds
2     Small-XLong          151.171      0.7220    17.19 seconds
3     Single-3             137.889      0.8122    21.20 seconds
4     Medium-XLong         134.707      0.6556    17.52 seconds
5     Single-5             133.927      0.8006    21.52 seconds
6     Tiny-Long            133.480      0.7585    20.46 seconds
7     Small-Long           133.307      0.7733    20.88 seconds
8     Extreme-XLong        132.550      0.7137    19.38 seconds
9     Single-50            131.615      0.8146    22.28 seconds
10    XLarge-XLong         128.435      0.6878    19.28 seconds

💾 Results saved to: comprehensive_experiment_results_20250829_144846.json

🏁 TOTAL EXPERIMENT TIME: 16m 45.9s
